2024-05-27 16:29:02,996 - INFO - Initializing data extraction from URL: https://www.forbesindia.com/article/explainers/the-10-largest-banks-in-the-world/86967/1...
2024-05-27 16:29:02,996 - INFO - Fetching currency exchange rates from API: https://open.er-api.com/v6/latest/USD...
2024-05-27 16:29:04,965 - INFO - Currency exchange rates fetched.
2024-05-27 16:29:04,965 - INFO - Extracting table data from URL...
2024-05-27 16:29:05,654 - ERROR - Error occurred while extracting table data: list index out of range
2024-05-27 16:29:05,656 - INFO - Table data extraction completed.
2024-05-27 16:29:05,656 - INFO - Converting market capitalization to other currencies...
2024-05-27 16:29:05,658 - INFO - Currency conversion completed.
2024-05-27 16:29:05,658 - INFO - Saving data to CSV file: bank_data.csv...
2024-05-27 16:29:05,664 - INFO - Data saved to CSV file.
2024-05-27 16:29:05,665 - INFO - Loading data to SQL database: bank_data.db, table: bank_data...
2024-05-27 16:29:05,675 - INFO - Data loaded to SQL database.
2024-05-27 16:29:05,675 - INFO - Running SQL query: SELECT `Rank & Bank`, `Market Cap (billion GBPs)` FROM bank_data WHERE `Headquarters` LIKE '%London%';...
2024-05-27 16:29:05,677 - INFO - SQL query execution completed.
2024-05-27 16:29:05,677 - INFO - Running SQL query: SELECT `Rank & Bank`, `Market Cap (billion EURs)` FROM bank_data WHERE `Headquarters` LIKE '%Berlin%';...
2024-05-27 16:29:05,677 - INFO - SQL query execution completed.
2024-05-27 16:29:05,677 - INFO - Running SQL query: SELECT `Rank & Bank`, `Market Cap (billion INRs)` FROM bank_data WHERE `Headquarters` LIKE '%New Delhi%';...
2024-05-27 16:29:05,678 - INFO - SQL query execution completed.
2024-05-27 16:29:05,678 - INFO - Results of SQL queries:
2024-05-27 16:29:05,678 - INFO - London: [('HSBC', 129.16)]
2024-05-27 16:29:05,678 - INFO - Berlin: []
2024-05-27 16:29:05,678 - INFO - Delhi: []
2024-05-27 16:29:05,678 - INFO - Data extraction and processing completed.
2024-05-27 16:30:34,314 - INFO - Initializing data extraction from URL: https://www.forbesindia.com/article/explainers/the-10-largest-banks-in-the-world/86967/1...
2024-05-27 16:30:34,314 - INFO - Fetching currency exchange rates from API: https://open.er-api.com/v6/latest/USD...
2024-05-27 16:30:34,613 - INFO - Currency exchange rates fetched.
2024-05-27 16:30:34,613 - INFO - Extracting table data from URL...
2024-05-27 16:30:35,014 - ERROR - Error occurred while extracting table data: list index out of range
2024-05-27 16:30:35,016 - INFO - Table data extraction completed.
2024-05-27 16:30:35,016 - INFO - Converting market capitalization to other currencies...
2024-05-27 16:30:35,017 - INFO - Currency conversion completed.
2024-05-27 16:30:35,017 - INFO - Saving data to CSV file: bank_data.csv...
2024-05-27 16:30:35,027 - INFO - Data saved to CSV file.
2024-05-27 16:30:35,027 - INFO - Loading data to SQL database: bank_data.db, table: bank_data...
2024-05-27 16:30:35,054 - INFO - Data loaded to SQL database.
2024-05-27 16:30:35,055 - INFO - Running SQL query: SELECT `Rank & Bank`, `Market Cap (billion GBPs)` FROM bank_data WHERE `Headquarters` LIKE '%London%';...
2024-05-27 16:30:35,055 - INFO - SQL query execution completed.
2024-05-27 16:30:35,055 - INFO - Running SQL query: SELECT `Rank & Bank`, `Market Cap (billion EURs)` FROM bank_data WHERE `Headquarters` LIKE '%Beijing%';...
2024-05-27 16:30:35,056 - INFO - SQL query execution completed.
2024-05-27 16:30:35,056 - INFO - Running SQL query: SELECT `Rank & Bank`, `Market Cap (billion INRs)` FROM bank_data WHERE `Headquarters` LIKE '%Mumbai%';...
2024-05-27 16:30:35,056 - INFO - SQL query execution completed.
2024-05-27 16:30:35,057 - INFO - Results of SQL queries:
2024-05-27 16:30:35,057 - INFO - London: [('HSBC', 129.16)]
2024-05-27 16:30:35,057 - INFO - Beijing: [('Industrial and Commercial Bank of China Limited', 229.83), ('Agricultural Bank of China', 191.58), ('Bank of China', 157.98), ('China Construction Bank', 153.23)]
2024-05-27 16:30:35,057 - INFO - Delhi: [('HDFC Bank', 12242.58)]
2024-05-27 16:30:35,057 - INFO - Data extraction and processing completed.
